<?xml version="1.0" encoding="UTF-8"?>
<!-- Generated by org.testng.reporters.JUnitReportReporter -->
<testsuite hostname="HP" failures="0" tests="5" name="test.Flightreservationtest" time="14.341" errors="0" timestamp="2023-12-14T12:23:50 IST" skipped="0">
  <testcase classname="test.Flightreservationtest" name="flightsearch" time="2.049"/>
  <testcase classname="test.Flightreservationtest" name="userregistration" time="8.109"/>
  <testcase classname="test.Flightreservationtest" name="flightselect" time="2.575"/>
  <testcase classname="test.Flightreservationtest" name="validation" time="0.750"/>
  <testcase classname="test.Flightreservationtest" name="regconfirmation" time="0.858"/>
</testsuite> <!-- test.Flightreservationtest -->
